<?xml version="1.0" encoding="UTF-8"?>
<!-- Generated by org.testng.reporters.JUnitXMLReporter -->
<testsuite ignored="0" hostname="Vrushanks-MacBook-Pro.local" failures="0" tests="3" name="Surefire test" time="265.175" errors="0" timestamp="2024-04-23T12:12:43 EDT">
  <testcase classname="testCases.FindCarTest" name="findCarTest" time="38.959"/>
  <testcase classname="testCases.FindCarTest" name="newLaunchesNameAndPriceTest" time="40.467"/>
  <testcase classname="testCases.FindCarTest" name="newLaunchesTest" time="37.559"/>
</testsuite> <!-- Surefire test -->
