<?xml version="1.0" encoding="UTF-8"?>
<!-- Generated by org.testng.reporters.JUnitXMLReporter -->
<testsuite ignored="0" hostname="Vrushanks-MacBook-Pro.local" failures="0" tests="3" name="find car Test" time="87.878" errors="0" timestamp="2024-04-09T16:27:43 EDT">
  <testcase classname="testCases.FindCarTest" name="findCarTest" time="9.525"/>
  <testcase classname="testCases.FindCarTest" name="newLaunchesNameAndPriceTest" time="10.008"/>
  <testcase classname="testCases.FindCarTest" name="newLaunchesTest" time="8.813"/>
</testsuite> <!-- find car Test -->
