<?xml version="1.0" encoding="UTF-8"?>
<testsuite xmlns:xsi="http://www.w3.org/2001/XMLSchema-instance" xsi:noNamespaceSchemaLocation="https://maven.apache.org/surefire/maven-surefire-plugin/xsd/surefire-test-report-3.0.xsd" version="3.0" name="TestSuite" time="266.862" tests="3" errors="0" skipped="0" failures="0">
  <properties>
[...]
</properties>
  <testcase name="findCarTest" classname="testCases.FindCarTest" time="38.964">
    <system-out><![CDATA[Successfully connected to MySQL server
[1, 2, 3, 4, 5]
Tata Cars
]]></system-out>
    <system-err><![CDATA[Apr. 23, 2024 12:08:57 P.M. org.openqa.selenium.devtools.CdpVersionFinder findNearestMatch
WARNING: Unable to find CDP implementation matching 124
Apr. 23, 2024 12:08:57 P.M. org.openqa.selenium.chromium.ChromiumDriver lambda$new$5
WARNING: Unable to find version of CDP to use for 124.0.6367.62. You may need to include a dependency on a specific version of the CDP using something similar to `org.seleniumhq.selenium:selenium-devtools-v86:4.15.0` where the version ("v86") matches the version of the chromium-based browser you're using and the version number of the artifact is the same as Selenium's.
Apr. 23, 2024 12:09:23 P.M. baseTest.BaseTest setUp
INFO: Navigating to the website
]]></system-err>
  </testcase>
  <testcase name="newLaunchesNameAndPriceTest" classname="testCases.FindCarTest" time="40.467">
    <system-out><![CDATA[Successfully connected to MySQL server
[1, 2, 3, 4, 5]
Car Name = Aston Martin VantageCar Price = Rs. 3.99 Crore
Car Name = Ferrari Purosangue SUVCar Price = Rs. 10.50 Crore
Car Name = Mahindra Bolero Neo PlusCar Price = Rs. 11.39 Lakh
Car Name = Skoda SuperbCar Price = Rs. 54.00 Lakh
Car Name = Kia SonetCar Price = Rs. 7.99 Lakh
Car Name = Kia CarensCar Price = Rs. 10.52 Lakh
Car Name = Toyota Urban Cruiser TaisorCar Price = Rs. 7.74 Lakh
Car Name = Kia SeltosCar Price = Rs. 10.90 Lakh
Car Name = Lexus LMCar Price = Rs. 2.00 Crore
Car Name = Hyundai Creta N LineCar Price = Rs. 16.82 Lakh
]]></system-out>
    <system-err><![CDATA[Apr. 23, 2024 12:10:12 P.M. baseTest.BaseTest tearDown
INFO: Quiting the browser
Apr. 23, 2024 12:10:17 P.M. org.openqa.selenium.devtools.CdpVersionFinder findNearestMatch
WARNING: Unable to find CDP implementation matching 124
Apr. 23, 2024 12:10:17 P.M. org.openqa.selenium.chromium.ChromiumDriver lambda$new$5
WARNING: Unable to find version of CDP to use for 124.0.6367.62. You may need to include a dependency on a specific version of the CDP using something similar to `org.seleniumhq.selenium:selenium-devtools-v86:4.15.0` where the version ("v86") matches the version of the chromium-based browser you're using and the version number of the artifact is the same as Selenium's.
Apr. 23, 2024 12:10:23 P.M. baseTest.BaseTest setUp
INFO: Navigating to the website
]]></system-err>
  </testcase>
  <testcase name="newLaunchesTest" classname="testCases.FindCarTest" time="37.559">
    <system-out><![CDATA[Successfully connected to MySQL server
[1, 2, 3, 4, 5]
New Car Launches
]]></system-out>
    <system-err><![CDATA[Apr. 23, 2024 12:11:23 P.M. baseTest.BaseTest tearDown
INFO: Quiting the browser
Apr. 23, 2024 12:11:29 P.M. org.openqa.selenium.devtools.CdpVersionFinder findNearestMatch
WARNING: Unable to find CDP implementation matching 124
Apr. 23, 2024 12:11:29 P.M. org.openqa.selenium.chromium.ChromiumDriver lambda$new$5
WARNING: Unable to find version of CDP to use for 124.0.6367.62. You may need to include a dependency on a specific version of the CDP using something similar to `org.seleniumhq.selenium:selenium-devtools-v86:4.15.0` where the version ("v86") matches the version of the chromium-based browser you're using and the version number of the artifact is the same as Selenium's.
Apr. 23, 2024 12:11:55 P.M. baseTest.BaseTest setUp
INFO: Navigating to the website
]]></system-err>
  </testcase>
</testsuite>