<?xml version="1.0" encoding="UTF-8"?>
<testng-results ignored="0" total="3" passed="3" failed="0" skipped="0">
  <reporter-output>
  </reporter-output>
  <suite started-at="2024-04-23T12:08:18 EDT" name="Surefire suite" finished-at="2024-04-23T12:12:43 EDT" duration-ms="265175">
    <groups>
    </groups>
    <test started-at="2024-04-23T12:08:18 EDT" name="Surefire test" finished-at="2024-04-23T12:12:43 EDT" duration-ms="265175">
      <class name="testCases.FindCarTest">
        <test-method is-config="true" signature="setUp()[pri:0, instance:testCases.FindCarTest@2f6e28bc]" started-at="2024-04-23T12:08:18 EDT" name="setUp" finished-at="2024-04-23T12:09:28 EDT" duration-ms="70505" status="PASS">
          <reporter-output>
          </reporter-output>
        </test-method> <!-- setUp -->
        <test-method signature="findCarTest()[pri:0, instance:testCases.FindCarTest@2f6e28bc]" started-at="2024-04-23T12:09:28 EDT" name="findCarTest" finished-at="2024-04-23T12:10:07 EDT" duration-ms="38959" status="PASS">
          <reporter-output>
          </reporter-output>
        </test-method> <!-- findCarTest -->
        <test-method is-config="true" signature="tearDown()[pri:0, instance:testCases.FindCarTest@2f6e28bc]" started-at="2024-04-23T12:10:07 EDT" name="tearDown" finished-at="2024-04-23T12:10:12 EDT" duration-ms="4675" status="PASS">
          <reporter-output>
          </reporter-output>
        </test-method> <!-- tearDown -->
        <test-method is-config="true" signature="setUp()[pri:0, instance:testCases.FindCarTest@2f6e28bc]" started-at="2024-04-23T12:10:12 EDT" name="setUp" finished-at="2024-04-23T12:10:38 EDT" duration-ms="26347" status="PASS">
          <reporter-output>
          </reporter-output>
        </test-method> <!-- setUp -->
        <test-method signature="newLaunchesNameAndPriceTest()[pri:0, instance:testCases.FindCarTest@2f6e28bc]" started-at="2024-04-23T12:10:38 EDT" name="newLaunchesNameAndPriceTest" finished-at="2024-04-23T12:11:19 EDT" duration-ms="40467" status="PASS">
          <reporter-output>
          </reporter-output>
        </test-method> <!-- newLaunchesNameAndPriceTest -->
        <test-method is-config="true" signature="tearDown()[pri:0, instance:testCases.FindCarTest@2f6e28bc]" started-at="2024-04-23T12:11:19 EDT" name="tearDown" finished-at="2024-04-23T12:11:23 EDT" duration-ms="4743" status="PASS">
          <reporter-output>
          </reporter-output>
        </test-method> <!-- tearDown -->
        <test-method is-config="true" signature="setUp()[pri:0, instance:testCases.FindCarTest@2f6e28bc]" started-at="2024-04-23T12:11:24 EDT" name="setUp" finished-at="2024-04-23T12:12:01 EDT" duration-ms="37303" status="PASS">
          <reporter-output>
          </reporter-output>
        </test-method> <!-- setUp -->
        <test-method signature="newLaunchesTest()[pri:0, instance:testCases.FindCarTest@2f6e28bc]" started-at="2024-04-23T12:12:01 EDT" name="newLaunchesTest" finished-at="2024-04-23T12:12:38 EDT" duration-ms="37559" status="PASS">
          <reporter-output>
          </reporter-output>
        </test-method> <!-- newLaunchesTest -->
        <test-method is-config="true" signature="tearDown()[pri:0, instance:testCases.FindCarTest@2f6e28bc]" started-at="2024-04-23T12:12:38 EDT" name="tearDown" finished-at="2024-04-23T12:12:43 EDT" duration-ms="4525" status="PASS">
          <reporter-output>
          </reporter-output>
        </test-method> <!-- tearDown -->
      </class> <!-- testCases.FindCarTest -->
    </test> <!-- Surefire test -->
  </suite> <!-- Surefire suite -->
</testng-results>
