<?xml version="1.0" encoding="UTF-8"?>
<testng-results ignored="0" total="3" passed="3" failed="0" skipped="0">
  <reporter-output>
  </reporter-output>
  <suite started-at="2024-04-09T16:26:15 EDT" name="Suite" finished-at="2024-04-09T16:27:43 EDT" duration-ms="87878">
    <groups>
    </groups>
    <test started-at="2024-04-09T16:26:15 EDT" name="find car Test" finished-at="2024-04-09T16:27:43 EDT" duration-ms="87878">
      <class name="testCases.FindCarTest">
        <test-method is-config="true" signature="setUp()[pri:0, instance:testCases.FindCarTest@338c99c8]" started-at="2024-04-09T16:26:15 EDT" name="setUp" finished-at="2024-04-09T16:26:33 EDT" duration-ms="18174" status="PASS">
          <reporter-output>
          </reporter-output>
        </test-method> <!-- setUp -->
        <test-method signature="findCarTest()[pri:0, instance:testCases.FindCarTest@338c99c8]" started-at="2024-04-09T16:26:33 EDT" name="findCarTest" finished-at="2024-04-09T16:26:43 EDT" duration-ms="9525" status="PASS">
          <reporter-output>
          </reporter-output>
        </test-method> <!-- findCarTest -->
        <test-method is-config="true" signature="tearDown()[pri:0, instance:testCases.FindCarTest@338c99c8]" started-at="2024-04-09T16:26:43 EDT" name="tearDown" finished-at="2024-04-09T16:26:47 EDT" duration-ms="4198" status="PASS">
          <reporter-output>
          </reporter-output>
        </test-method> <!-- tearDown -->
        <test-method is-config="true" signature="setUp()[pri:0, instance:testCases.FindCarTest@338c99c8]" started-at="2024-04-09T16:26:47 EDT" name="setUp" finished-at="2024-04-09T16:27:03 EDT" duration-ms="15779" status="PASS">
          <reporter-output>
          </reporter-output>
        </test-method> <!-- setUp -->
        <test-method signature="newLaunchesNameAndPriceTest()[pri:0, instance:testCases.FindCarTest@338c99c8]" started-at="2024-04-09T16:27:03 EDT" name="newLaunchesNameAndPriceTest" finished-at="2024-04-09T16:27:13 EDT" duration-ms="10008" status="PASS">
          <reporter-output>
          </reporter-output>
        </test-method> <!-- newLaunchesNameAndPriceTest -->
        <test-method is-config="true" signature="tearDown()[pri:0, instance:testCases.FindCarTest@338c99c8]" started-at="2024-04-09T16:27:13 EDT" name="tearDown" finished-at="2024-04-09T16:27:17 EDT" duration-ms="4227" status="PASS">
          <reporter-output>
          </reporter-output>
        </test-method> <!-- tearDown -->
        <test-method is-config="true" signature="setUp()[pri:0, instance:testCases.FindCarTest@338c99c8]" started-at="2024-04-09T16:27:17 EDT" name="setUp" finished-at="2024-04-09T16:27:30 EDT" duration-ms="12864" status="PASS">
          <reporter-output>
          </reporter-output>
        </test-method> <!-- setUp -->
        <test-method signature="newLaunchesTest()[pri:0, instance:testCases.FindCarTest@338c99c8]" started-at="2024-04-09T16:27:30 EDT" name="newLaunchesTest" finished-at="2024-04-09T16:27:39 EDT" duration-ms="8813" status="PASS">
          <reporter-output>
          </reporter-output>
        </test-method> <!-- newLaunchesTest -->
        <test-method is-config="true" signature="tearDown()[pri:0, instance:testCases.FindCarTest@338c99c8]" started-at="2024-04-09T16:27:39 EDT" name="tearDown" finished-at="2024-04-09T16:27:43 EDT" duration-ms="4177" status="PASS">
          <reporter-output>
          </reporter-output>
        </test-method> <!-- tearDown -->
      </class> <!-- testCases.FindCarTest -->
    </test> <!-- find car Test -->
  </suite> <!-- Suite -->
</testng-results>
